\BOOKMARK [1][-]{section.1}{\376\377\000R\000e\000s\000e\000a\000r\000c\000h\000\040\000Q\000u\000e\000s\000t\000i\000o\000n}{}% 1
\BOOKMARK [1][-]{section.2}{\376\377\000M\000e\000t\000h\000o\000d\000o\000l\000o\000g\000i\000c\000a\000l\000\040\000N\000o\000t\000e}{}% 2
\BOOKMARK [2][-]{subsection.2.1}{\376\377\000W\000h\000y\000\040\000t\000h\000i\000s\000\040\000q\000u\000e\000s\000t\000i\000o\000n\000\040\000i\000s\000\040\000d\000i\000f\000f\000i\000c\000u\000l\000t\000\040\000t\000o\000\040\000m\000e\000a\000s\000u\000r\000e}{section.2}% 3
\BOOKMARK [2][-]{subsection.2.2}{\376\377\000W\000h\000y\000\040\000t\000h\000i\000s\000\040\000c\000o\000m\000p\000a\000r\000i\000s\000o\000n\000\040\000s\000t\000i\000l\000l\000\040\000w\000o\000r\000k\000s}{section.2}% 4
\BOOKMARK [1][-]{section.3}{\376\377\000W\000h\000e\000r\000e\000\040\000A\000I\000\040\000C\000a\000r\000e\000e\000r\000s\000\040\000A\000r\000e\000\040\000G\000r\000o\000w\000i\000n\000g\000\040\000M\000o\000s\000t\000\040\000i\000n\000\040\000t\000h\000e\000\040\000U\000n\000i\000t\000e\000d\000\040\000S\000t\000a\000t\000e\000s}{}% 5
\BOOKMARK [2][-]{subsection.3.1}{\376\377\000T\000o\000p\000\040\000U\000.\000S\000.\000\040\000s\000t\000a\000t\000e\000s\000\040\000b\000y\000\040\000A\000I\000\040\000j\000o\000b\000\040\000c\000r\000e\000a\000t\000i\000o\000n}{section.3}% 6
\BOOKMARK [2][-]{subsection.3.2}{\376\377\000T\000o\000p\000\040\000U\000.\000S\000.\000\040\000s\000t\000a\000t\000e\000s\000\040\000b\000y\000\040\000A\000I\000\040\000j\000o\000b\000\040\000i\000n\000t\000e\000n\000s\000i\000t\000y}{section.3}% 7
\BOOKMARK [2][-]{subsection.3.3}{\376\377\000T\000o\000p\000\040\000U\000.\000S\000.\000\040\000s\000t\000a\000t\000e\000s\000\040\000b\000y\000\040\000A\000I\000\040\000s\000h\000a\000r\000e\000\040\000w\000i\000t\000h\000i\000n\000\040\000I\000T\000\040\000j\000o\000b\000s}{section.3}% 8
\BOOKMARK [2][-]{subsection.3.4}{\376\377\000T\000o\000p\000\040\000U\000.\000S\000.\000\040\000m\000e\000t\000r\000o\000p\000o\000l\000i\000t\000a\000n\000\040\000a\000r\000e\000a\000s\000\040\000b\000y\000\040\000A\000I\000\040\000j\000o\000b\000\040\000c\000r\000e\000a\000t\000i\000o\000n}{section.3}% 9
\BOOKMARK [1][-]{section.4}{\376\377\000W\000h\000e\000r\000e\000\040\000N\000o\000n\000-\000A\000I\000\040\000o\000r\000\040\000B\000r\000o\000a\000d\000-\000B\000a\000s\000e\000d\000\040\000J\000o\000b\000\040\000G\000r\000o\000w\000t\000h\000\040\000I\000s\000\040\000S\000t\000r\000o\000n\000g\000e\000s\000t\000\040\000i\000n\000\040\000t\000h\000e\000\040\000U\000n\000i\000t\000e\000d\000\040\000S\000t\000a\000t\000e\000s}{}% 10
\BOOKMARK [2][-]{subsection.4.1}{\376\377\000W\000h\000y\000\040\000b\000r\000o\000a\000d\000e\000r\000\040\000j\000o\000b\000\040\000g\000r\000o\000w\000t\000h\000\040\000m\000a\000t\000t\000e\000r\000s}{section.4}% 11
\BOOKMARK [2][-]{subsection.4.2}{\376\377\000L\000e\000a\000d\000i\000n\000g\000\040\000U\000.\000S\000.\000\040\000s\000t\000a\000t\000e\000s\000\040\000i\000n\000\040\000b\000r\000o\000a\000d\000e\000r\000\040\000j\000o\000b\000\040\000g\000r\000o\000w\000t\000h}{section.4}% 12
\BOOKMARK [2][-]{subsection.4.3}{\376\377\000L\000e\000a\000d\000i\000n\000g\000\040\000U\000.\000S\000.\000\040\000m\000e\000t\000r\000o\000s\000\040\000i\000n\000\040\000b\000r\000o\000a\000d\000e\000r\000\040\000j\000o\000b\000\040\000g\000r\000o\000w\000t\000h}{section.4}% 13
\BOOKMARK [1][-]{section.5}{\376\377\000D\000i\000r\000e\000c\000t\000\040\000C\000o\000m\000p\000a\000r\000i\000s\000o\000n\000:\000\040\000A\000I\000\040\000v\000s\000.\000\040\000N\000o\000n\000-\000A\000I\000\040\000C\000a\000r\000e\000e\000r\000\040\000G\000r\000o\000w\000t\000h}{}% 14
\BOOKMARK [2][-]{subsection.5.1}{\376\377\000A\000\040\000c\000l\000e\000a\000r\000\040\000g\000e\000o\000g\000r\000a\000p\000h\000i\000c\000\040\000s\000p\000l\000i\000t}{section.5}% 15
\BOOKMARK [2][-]{subsection.5.2}{\376\377\000S\000t\000a\000t\000e\000s\000\040\000t\000h\000a\000t\000\040\000m\000a\000t\000t\000e\000r\000\040\000m\000o\000s\000t\000\040\000i\000n\000\040\000t\000h\000e\000\040\000c\000o\000m\000p\000a\000r\000i\000s\000o\000n}{section.5}% 16
\BOOKMARK [1][-]{section.6}{\376\377\000C\000i\000t\000y\000-\000L\000e\000v\000e\000l\000\040\000I\000n\000t\000e\000r\000p\000r\000e\000t\000a\000t\000i\000o\000n}{}% 17
\BOOKMARK [2][-]{subsection.6.1}{\376\377\000U\000.\000S\000.\000\040\000m\000e\000t\000r\000o\000s\000\040\000t\000h\000a\000t\000\040\000d\000o\000m\000i\000n\000a\000t\000e\000\040\000A\000I}{section.6}% 18
\BOOKMARK [2][-]{subsection.6.2}{\376\377\000U\000.\000S\000.\000\040\000m\000e\000t\000r\000o\000s\000\040\000t\000h\000a\000t\000\040\000d\000o\000m\000i\000n\000a\000t\000e\000\040\000b\000r\000o\000a\000d\000e\000r\000\040\000n\000o\000n\000-\000A\000I\000\040\000g\000r\000o\000w\000t\000h}{section.6}% 19
\BOOKMARK [2][-]{subsection.6.3}{\376\377\000B\000r\000i\000d\000g\000e\000\040\000m\000e\000t\000r\000o\000s}{section.6}% 20
\BOOKMARK [1][-]{section.7}{\376\377\000E\000c\000o\000n\000o\000m\000i\000c\000\040\000I\000n\000t\000e\000r\000p\000r\000e\000t\000a\000t\000i\000o\000n}{}% 21
\BOOKMARK [2][-]{subsection.7.1}{\376\377\000W\000h\000y\000\040\000A\000I\000\040\000g\000r\000o\000w\000t\000h\000\040\000i\000s\000\040\000s\000o\000\040\000c\000o\000n\000c\000e\000n\000t\000r\000a\000t\000e\000d}{section.7}% 22
\BOOKMARK [2][-]{subsection.7.2}{\376\377\000W\000h\000y\000\040\000n\000o\000n\000-\000A\000I\000\040\000g\000r\000o\000w\000t\000h\000\040\000i\000s\000\040\000m\000o\000r\000e\000\040\000g\000e\000o\000g\000r\000a\000p\000h\000i\000c\000a\000l\000l\000y\000\040\000b\000r\000o\000a\000d}{section.7}% 23
\BOOKMARK [1][-]{section.8}{\376\377\000A\000n\000s\000w\000e\000r\000\040\000t\000o\000\040\000t\000h\000e\000\040\000R\000e\000s\000e\000a\000r\000c\000h\000\040\000Q\000u\000e\000s\000t\000i\000o\000n}{}% 24
\BOOKMARK [1][-]{section.9}{\376\377\000C\000o\000n\000c\000l\000u\000s\000i\000o\000n}{}% 25
